C:\Users\User\documents\visual studio 2010\Projects\MysqlHashDecrypter\MySQLHashDecrypter\Release\cl.command.1.tlog
C:\Users\User\documents\visual studio 2010\Projects\MysqlHashDecrypter\MySQLHashDecrypter\Release\CL.read.1.tlog
C:\Users\User\documents\visual studio 2010\Projects\MysqlHashDecrypter\MySQLHashDecrypter\Release\CL.write.1.tlog
C:\USERS\USER\DOCUMENTS\VISUAL STUDIO 2010\PROJECTS\MYSQLHASHDECRYPTER\MYSQLHASHDECRYPTER\RELEASE\HASHUTIL.OBJ
C:\Users\User\documents\visual studio 2010\Projects\MysqlHashDecrypter\MySQLHashDecrypter\Release\link.command.1.tlog
C:\Users\User\documents\visual studio 2010\Projects\MysqlHashDecrypter\MySQLHashDecrypter\Release\link.read.1.tlog
C:\Users\User\documents\visual studio 2010\Projects\MysqlHashDecrypter\MySQLHashDecrypter\Release\link.write.1.tlog
C:\Users\User\documents\visual studio 2010\Projects\MysqlHashDecrypter\MySQLHashDecrypter\Release\mt.command.1.tlog
C:\Users\User\documents\visual studio 2010\Projects\MysqlHashDecrypter\MySQLHashDecrypter\Release\mt.read.1.tlog
C:\Users\User\documents\visual studio 2010\Projects\MysqlHashDecrypter\MySQLHashDecrypter\Release\mt.write.1.tlog
C:\USERS\USER\DOCUMENTS\VISUAL STUDIO 2010\PROJECTS\MYSQLHASHDECRYPTER\MYSQLHASHDECRYPTER\RELEASE\MYSQLHASHDECRYPTER.DLL.INTERMEDIATE.MANIFEST
C:\USERS\USER\DOCUMENTS\VISUAL STUDIO 2010\PROJECTS\MYSQLHASHDECRYPTER\MYSQLHASHDECRYPTER\RELEASE\MYSQLHASHDECRYPTER.OBJ
C:\USERS\USER\DOCUMENTS\VISUAL STUDIO 2010\PROJECTS\MYSQLHASHDECRYPTER\MYSQLHASHDECRYPTER\RELEASE\MYSQLHASHDECRYPTER.PCH
C:\Users\User\documents\visual studio 2010\Projects\MysqlHashDecrypter\MySQLHashDecrypter\Release\MySQLHashDecrypter.write.1.tlog
C:\USERS\USER\DOCUMENTS\VISUAL STUDIO 2010\PROJECTS\MYSQLHASHDECRYPTER\MYSQLHASHDECRYPTER\RELEASE\STDAFX.OBJ
C:\USERS\USER\DOCUMENTS\VISUAL STUDIO 2010\PROJECTS\MYSQLHASHDECRYPTER\MYSQLHASHDECRYPTER\RELEASE\VC100.PDB
C:\USERS\USER\DOCUMENTS\VISUAL STUDIO 2010\PROJECTS\MYSQLHASHDECRYPTER\MYSQLHASHDECRYPTER\RELEASE\VCWINDOWS7.1SDK.PDB
C:\USERS\USER\DOCUMENTS\VISUAL STUDIO 2010\PROJECTS\MYSQLHASHDECRYPTER\RELEASE\MYSQLHASHDECRYPTER.DLL
C:\Users\User\Documents\Visual Studio 2010\Projects\MySQLHashDecrypter\Release\MySQLHashDecrypter.exp
C:\Users\User\Documents\Visual Studio 2010\Projects\MySQLHashDecrypter\Release\MySQLHashDecrypter.lib
C:\USERS\USER\DOCUMENTS\VISUAL STUDIO 2010\PROJECTS\MYSQLHASHDECRYPTER\RELEASE\MYSQLHASHDECRYPTER.PDB
